#
# There is insufficient memory for the Java Runtime Environment to continue.
# Native memory allocation (mmap) failed to map 268435456 bytes for G1 virtual space
# Possible reasons:
#   The system is out of physical RAM or swap space
#   The process is running with CompressedOops enabled, and the Java Heap may be blocking the growth of the native heap
# Possible solutions:
#   Reduce memory load on the system
#   Increase physical memory or swap space
#   Check if swap backing store is full
#   Decrease Java heap size (-Xmx/-Xms)
#   Decrease number of Java threads
#   Decrease Java thread stack sizes (-Xss)
#   Set larger code cache with -XX:ReservedCodeCacheSize=
#   JVM is running with Zero Based Compressed Oops mode in which the Java heap is
#     placed in the first 32GB address space. The Java Heap base address is the
#     maximum limit for the native heap growth. Please use -XX:HeapBaseMinAddress
#     to set the Java Heap base and to place the Java Heap above 32GB virtual address.
# This output file may be truncated or incomplete.
#
#  Out of Memory Error (os_windows.cpp:3771), pid=9248, tid=1740
#
# JRE version:  (17.0.7) (build )
# Java VM: OpenJDK 64-Bit Server VM (17.0.7+0-b2043.56-10550314, mixed mode, sharing, tiered, compressed oops, compressed class ptrs, g1 gc, windows-amd64)
# No core dump will be written. Minidumps are not enabled by default on client versions of Windows
#

---------------  S U M M A R Y ------------

Command Line: org.jetbrains.kotlin.cli.jvm.K2JVMCompiler @C:\User\pr111rybakov\AndroidStudioProjects\YmniDom\app\build\20241123_15087505278691338332.compiler.options

Host: Intel(R) Core(TM) i7-9700 CPU @ 3.00GHz, 8 cores, 15G,  Windows 10 , 64 bit Build 17763 (10.0.17763.4974)
Time: Sat Nov 23 13:58:50 2024 ќмское стандартное врем€ elapsed time: 0.009776 seconds (0d 0h 0m 0s)

---------------  T H R E A D  ---------------

Current thread (0x00000142a49adf90):  JavaThread "Unknown thread" [_thread_in_vm, id=1740, stack(0x0000000f40500000,0x0000000f40600000)]

Stack: [0x0000000f40500000,0x0000000f40600000]
Native frames: (J=compiled Java code, j=interpreted, Vv=VM code, C=native code)
V  [jvm.dll+0x683bfa]
V  [jvm.dll+0x8430a4]
V  [jvm.dll+0x8449be]
V  [jvm.dll+0x845023]
V  [jvm.dll+0x24ad2f]
V  [jvm.dll+0x680ac9]
V  [jvm.dll+0x67519a]
V  [jvm.dll+0x30b3cb]
V  [jvm.dll+0x312876]
V  [jvm.dll+0x36221e]
V  [jvm.dll+0x36244f]
V  [jvm.dll+0x2e14a8]
V  [jvm.dll+0x2e2414]
V  [jvm.dll+0x814391]
V  [jvm.dll+0x36ffe1]
V  [jvm.dll+0x7f396c]
V  [jvm.dll+0x3f305f]
V  [jvm.dll+0x3f4b91]
C  [jli.dll+0x528f]
C  [ucrtbase.dll+0x2268a]
C  [KERNEL32.DLL+0x17ac4]
C  [ntdll.dll+0x5a4e1]


---------------  P R O C E S S  ---------------

Threads class SMR info:
_java_thread_list=0x00007ff839bad098, length=0, elements={
}

Java Threads: ( => current thread )

Other Threads:
  0x00000142a6b45c20 GCTaskThread "GC Thread#0" [stack: 0x0000000f40600000,0x0000000f40700000] [id=12624]
  0x00000142a6b57a40 ConcurrentGCThread "G1 Main Marker" [stack: 0x0000000f40700000,0x0000000f40800000] [id=3468]
  0x00000142a6b58450 ConcurrentGCThread "G1 Conc#0" [stack: 0x0000000f40800000,0x0000000f40900000] [id=14324]

[error occurred during error reporting (printing all threads), id 0xc0000005, EXCEPTION_ACCESS_VIOLATION (0xc0000005) at pc=0x00007ff839362087]

VM state: not at safepoint (not fully initialized)

VM Mutex/Monitor currently owned by a thread:  ([mutex/lock_event])
[0x00000142a49aa3b0] Heap_lock - owner thread: 0x00000142a49adf90

Heap address: 0x0000000701200000, size: 4078 MB, Compressed Oops mode: Zero based, Oop shift amount: 3

CDS archive(s) mapped at: [0x0000000000000000-0x0000000000000000-0x0000000000000000), size 0, SharedBaseAddress: 0x0000000800000000, ArchiveRelocationMode: 0.
Narrow klass base: 0x0000000000000000, Narrow klass shift: 0, Narrow klass range: 0x0

GC Precious Log:
<Empty>

Heap:
 garbage-first heap   total 0K, used 0K [0x0000000701200000, 0x0000000800000000)
  region size 2048K, 0 young (0K), 0 survivors (0K)
 Metaspace       used 0K, committed 0K, reserved 0K
  class space    used 0K, committed 0K, reserved 0K

Heap Regions: E=young(eden), S=young(survivor), O=old, HS=humongous(starts), HC=humongous(continues), CS=collection set, F=free, OA=open archive, CA=closed archive, TAMS=top-at-mark-start (previous, next)

Card table byte_map: [0x00000142b9ad0000,0x00000142ba2d0000] _byte_map_base: 0x00000142b62c7000

Marking Bits (Prev, Next): (CMBitMap*) 0x00000142a6b46230, (CMBitMap*) 0x00000142a6b46270
 Prev Bits: [0x00000142baad0000, 0x00000142bea88000)
 Next Bits: [0x00000142bea90000, 0x00000142c2a48000)

GC Heap History (0 events):
No events

Dll operation events (1 events):
Event: 0.006 Loaded shared library C:\Program Files\Android\Android Studio\jbr\bin\java.dll

Deoptimization events (0 events):
No events

Classes unloaded (0 events):
No events

Classes redefined (0 events):
No events

Internal exceptions (0 events):
No events

VM Operations (0 events):
No events

Events (0 events):
No events


Dynamic libraries:
0x00007ff6272a0000 - 0x00007ff6272aa000 	C:\Program Files\Android\Android Studio\jbr\bin\java.exe
0x00007ff881d00000 - 0x00007ff881eee000 	C:\Windows\SYSTEM32\ntdll.dll
0x00007ff87fbf0000 - 0x00007ff87fca3000 	C:\Windows\System32\KERNEL32.DLL
0x00007ff87de70000 - 0x00007ff87e10d000 	C:\Windows\System32\KERNELBASE.dll
0x00007ff87ebe0000 - 0x00007ff87ecda000 	C:\Windows\System32\ucrtbase.dll
0x00007ff879810000 - 0x00007ff879827000 	C:\Program Files\Android\Android Studio\jbr\bin\jli.dll
0x00007ff83da10000 - 0x00007ff83da2b000 	C:\Program Files\Android\Android Studio\jbr\bin\VCRUNTIME140.dll
0x00007ff8815e0000 - 0x00007ff881777000 	C:\Windows\System32\USER32.dll
0x00007ff87de50000 - 0x00007ff87de70000 	C:\Windows\System32\win32u.dll
0x00007ff8663e0000 - 0x00007ff866659000 	C:\Windows\WinSxS\amd64_microsoft.windows.common-controls_6595b64144ccf1df_6.0.17763.5696_none_de7663245346b1ca\COMCTL32.dll
0x00007ff87f190000 - 0x00007ff87f1b9000 	C:\Windows\System32\GDI32.dll
0x00007ff87fb30000 - 0x00007ff87fbce000 	C:\Windows\System32\msvcrt.dll
0x00007ff87ed40000 - 0x00007ff87eeea000 	C:\Windows\System32\gdi32full.dll
0x00007ff87f1c0000 - 0x00007ff87f4eb000 	C:\Windows\System32\combase.dll
0x00007ff87eb20000 - 0x00007ff87ebc0000 	C:\Windows\System32\msvcp_win.dll
0x00007ff87f070000 - 0x00007ff87f188000 	C:\Windows\System32\RPCRT4.dll
0x00007ff87e110000 - 0x00007ff87e192000 	C:\Windows\System32\bcryptPrimitives.dll
0x00007ff881410000 - 0x00007ff88143e000 	C:\Windows\System32\IMM32.DLL
0x00007ff86c9e0000 - 0x00007ff86c9ec000 	C:\Program Files\Android\Android Studio\jbr\bin\vcruntime140_1.dll
0x00007ff834770000 - 0x00007ff8347fd000 	C:\Program Files\Android\Android Studio\jbr\bin\msvcp140.dll
0x00007ff839070000 - 0x00007ff839cf0000 	C:\Program Files\Android\Android Studio\jbr\bin\server\jvm.dll
0x00007ff881520000 - 0x00007ff8815c8000 	C:\Windows\System32\ADVAPI32.dll
0x00007ff881b40000 - 0x00007ff881be2000 	C:\Windows\System32\sechost.dll
0x00007ff87e1a0000 - 0x00007ff87e1c6000 	C:\Windows\System32\bcrypt.dll
0x00007ff869f40000 - 0x00007ff869f49000 	C:\Windows\SYSTEM32\WSOCK32.dll
0x00007ff878130000 - 0x00007ff87813a000 	C:\Windows\SYSTEM32\VERSION.dll
0x00007ff8817e0000 - 0x00007ff88184d000 	C:\Windows\System32\WS2_32.dll
0x00007ff87a2a0000 - 0x00007ff87a2c4000 	C:\Windows\SYSTEM32\WINMM.dll
0x00007ff87a270000 - 0x00007ff87a29d000 	C:\Windows\SYSTEM32\winmmbase.dll
0x00007ff87de00000 - 0x00007ff87de4a000 	C:\Windows\System32\cfgmgr32.dll
0x00007ff87dc80000 - 0x00007ff87dc91000 	C:\Windows\System32\kernel.appcore.dll
0x00007ff87a4b0000 - 0x00007ff87a4ba000 	C:\Program Files\Android\Android Studio\jbr\bin\jimage.dll
0x00007ff86a6d0000 - 0x00007ff86a8bd000 	C:\Windows\SYSTEM32\DBGHELP.DLL
0x00007ff869670000 - 0x00007ff86969a000 	C:\Windows\SYSTEM32\dbgcore.DLL
0x00007ff879170000 - 0x00007ff879195000 	C:\Program Files\Android\Android Studio\jbr\bin\java.dll

dbghelp: loaded successfully - version: 4.0.5 - missing functions: none
symbol engine: initialized successfully - sym options: 0x614 - pdb path: .;C:\Program Files\Android\Android Studio\jbr\bin;C:\Windows\SYSTEM32;C:\Windows\WinSxS\amd64_microsoft.windows.common-controls_6595b64144ccf1df_6.0.17763.5696_none_de7663245346b1ca;C:\Program Files\Android\Android Studio\jbr\bin\server

VM Arguments:
java_command: org.jetbrains.kotlin.cli.jvm.K2JVMCompiler @C:\User\pr111rybakov\AndroidStudioProjects\YmniDom\app\build\20241123_15087505278691338332.compiler.options
java_class_path (initial): C:\User\pr111rybakov\.gradle\caches\modules-2\files-2.1\org.jetbrains.kotlin\kotlin-compiler-embeddable\2.0.21\79346ed53db48b18312a472602eb5c057070c54d\kotlin-compiler-embeddable-2.0.21.jar;C:\User\pr111rybakov\.gradle\caches\modules-2\files-2.1\org.jetbrains.kotlin\kotlin-stdlib\2.0.21\618b539767b4899b4660a83006e052b63f1db551\kotlin-stdlib-2.0.21.jar;C:\User\pr111rybakov\.gradle\caches\modules-2\files-2.1\org.jetbrains.kotlin\kotlin-script-runtime\2.0.21\c9b044380ad41f89aa89aa896c2d32a8c0b2129d\kotlin-script-runtime-2.0.21.jar;C:\User\pr111rybakov\.gradle\caches\modules-2\files-2.1\org.jetbrains.kotlin\kotlin-reflect\1.6.10\1cbe9c92c12a94eea200d23c2bbaedaf3daf5132\kotlin-reflect-1.6.10.jar;C:\User\pr111rybakov\.gradle\caches\modules-2\files-2.1\org.jetbrains.kotlin\kotlin-daemon-embeddable\2.0.21\c9e933b23287de9b5a17e2116b4657bb91aea72c\kotlin-daemon-embeddable-2.0.21.jar;C:\User\pr111rybakov\.gradle\caches\modules-2\files-2.1\org.jetbrains.intellij.deps\trove4j\1.0.20200330\3afb14d5f9ceb459d724e907a21145e8ff394f02\trove4j-1.0.20200330.jar;C:\User\pr111rybakov\.gradle\caches\modules-2\files-2.1\org.jetbrains.kotlinx\kotlinx-coroutines-core-jvm\1.6.4\2c997cd1c0ef33f3e751d3831929aeff1390cb30\kotlinx-coroutines-core-jvm-1.6.4.jar;C:\User\pr111rybakov\.gradle\caches\modules-2\files-2.1\org.jetbrains\annotations\13.0\919f0dfe192fb4e063e7dacadee7f8bb9a2672a9\annotations-13.0.jar
Launcher Type: SUN_STANDARD

[Global flags]
     intx CICompilerCount                          = 4                                         {product} {ergonomic}
     uint ConcGCThreads                            = 2                                         {product} {ergonomic}
     uint G1ConcRefinementThreads                  = 8                                         {product} {ergonomic}
   size_t G1HeapRegionSize                         = 2097152                                   {product} {ergonomic}
    uintx GCDrainStackTargetSize                   = 64                                        {product} {ergonomic}
   size_t InitialHeapSize                          = 268435456                                 {product} {ergonomic}
   size_t MarkStackSize                            = 4194304                                   {product} {ergonomic}
   size_t MaxHeapSize                              = 4276092928                                {product} {ergonomic}
   size_t MinHeapDeltaBytes                        = 2097152                                   {product} {ergonomic}
   size_t MinHeapSize                              = 8388608                                   {product} {ergonomic}
    uintx NonNMethodCodeHeapSize                   = 5839372                                {pd product} {ergonomic}
    uintx NonProfiledCodeHeapSize                  = 122909434                              {pd product} {ergonomic}
    uintx ProfiledCodeHeapSize                     = 122909434                              {pd product} {ergonomic}
    uintx ReservedCodeCacheSize                    = 251658240                              {pd product} {ergonomic}
     bool SegmentedCodeCache                       = true                                      {product} {ergonomic}
   size_t SoftMaxHeapSize                          = 4276092928                             {manageable} {ergonomic}
     bool UseCompressedClassPointers               = true                           {product lp64_product} {ergonomic}
     bool UseCompressedOops                        = true                           {product lp64_product} {ergonomic}
     bool UseG1GC                                  = true                                      {product} {ergonomic}
     bool UseLargePagesIndividualAllocation        = false                                  {pd product} {ergonomic}

Logging:
Log output configuration:
 #0: stdout all=warning uptime,level,tags
 #1: stderr all=off uptime,level,tags

Environment Variables:
JAVA_HOME=C:\Program Files\Android\Jdk\microsoft_dist_openjdk_1.8.0.25
PATH=C:\Program Files\Python312\Scripts\;C:\Program Files\Python312\;C:\Program Files\Python311\Scripts\;C:\Program Files\Python311\;C:\Program Files (x86)\Python38\Scripts\;C:\Program Files (x86)\Python38\;C:\Program Files\Microsoft MPI\Bin\;C:\Program Files (x86)\Common Files\Oracle\Java\javapath;C:\Windows\system32;C:\Windows;C:\Windows\System32\Wbem;C:\Windows\System32\WindowsPowerShell\v1.0\;C:\Windows\System32\OpenSSH\;C:\Program Files (x86)\Microsoft SQL Server\150\DTS\Binn\;C:\Program Files\dotnet\;C:\Program Files\Microsoft SQL Server\130\Tools\Binn\;C:\Program Files (x86)\Microsoft SQL Server\140\Tools\Binn\;C:\Program Files\Microsoft SQL Server\140\Tools\Binn\;C:\Program Files (x86)\Microsoft SQL Server\140\DTS\Binn\;C:\Program Files\Microsoft SQL Server\140\DTS\Binn\;C:\Program Files\Microsoft SQL Server\Client SDK\ODBC\130\Tools\Binn\;C:\Program Files\Microsoft SQL Server\Client SDK\ODBC\170\Tools\Binn\;C:\Program Files (x86)\IncrediBuild;C:\Program Files (x86)\NVIDIA Corporation\PhysX\Common;C:\Program Files\Git\cmd;C:\Program Files\Azure Data Studio\bin;C:\Program Files\Microsoft VS Code\bin;C:\Program Files (x86)\Kaspersky Lab\KES.12.2.0\;C:\User\pr111rybakov\AppData\Local\Microsoft\WindowsApps;
USERNAME=pr111rybakov
OS=Windows_NT
PROCESSOR_IDENTIFIER=Intel64 Family 6 Model 158 Stepping 13, GenuineIntel
TMP=C:\User\pr111rybakov\AppData\Local\Temp
TEMP=C:\User\pr111rybakov\AppData\Local\Temp


JNI global refs:
JNI global refs: 0, weak refs: 0

JNI global refs memory usage: 0, weak refs: 0

OOME stack traces (most recent first):
Classloader memory used:


---------------  S Y S T E M  ---------------

OS:
 Windows 10 , 64 bit Build 17763 (10.0.17763.4974)
OS uptime: 0 days 6:01 hours

CPU: total 8 (initial active 8) (8 cores per cpu, 1 threads per core) family 6 model 158 stepping 13 microcode 0xde, cx8, cmov, fxsr, mmx, 3dnowpref, sse, sse2, sse3, ssse3, sse4.1, sse4.2, popcnt, lzcnt, tsc, tscinvbit, avx, avx2, aes, erms, clmul, bmi1, bmi2, adx, fma, vzeroupper, clflush, clflushopt

Memory: 4k page, system-wide physical 16304M (2883M free)
TotalPageFile size 16304M (AvailPageFile size 90M)
current process WorkingSet (physical memory assigned to process): 10M, peak: 10M
current process commit charge ("private bytes"): 60M, peak: 316M

vm_info: OpenJDK 64-Bit Server VM (17.0.7+0-b2043.56-10550314) for windows-amd64 JRE (17.0.7+0-b2043.56-10550314), built on Jul 24 2023 18:27:45 by "androidbuild" with MS VC++ 16.10 / 16.11 (VS2019)

END.
