#
# There is insufficient memory for the Java Runtime Environment to continue.
# Native memory allocation (mmap) failed to map 4194304 bytes for G1 virtual space
# Possible reasons:
#   The system is out of physical RAM or swap space
#   The process is running with CompressedOops enabled, and the Java Heap may be blocking the growth of the native heap
# Possible solutions:
#   Reduce memory load on the system
#   Increase physical memory or swap space
#   Check if swap backing store is full
#   Decrease Java heap size (-Xmx/-Xms)
#   Decrease number of Java threads
#   Decrease Java thread stack sizes (-Xss)
#   Set larger code cache with -XX:ReservedCodeCacheSize=
#   JVM is running with Zero Based Compressed Oops mode in which the Java heap is
#     placed in the first 32GB address space. The Java Heap base address is the
#     maximum limit for the native heap growth. Please use -XX:HeapBaseMinAddress
#     to set the Java Heap base and to place the Java Heap above 32GB virtual address.
# This output file may be truncated or incomplete.
#
#  Out of Memory Error (os_windows.cpp:3771), pid=13132, tid=3856
#
# JRE version:  (17.0.7) (build )
# Java VM: OpenJDK 64-Bit Server VM (17.0.7+0-b2043.56-10550314, mixed mode, sharing, tiered, compressed oops, compressed class ptrs, g1 gc, windows-amd64)
# No core dump will be written. Minidumps are not enabled by default on client versions of Windows
#

---------------  S U M M A R Y ------------

Command Line: org.jetbrains.kotlin.cli.jvm.K2JVMCompiler @C:\User\pr111rybakov\AndroidStudioProjects\YmniDom\app\build\20241120_336927503208067598.compiler.options

Host: Intel(R) Core(TM) i7-9700 CPU @ 3.00GHz, 8 cores, 15G,  Windows 10 , 64 bit Build 17763 (10.0.17763.4974)
Time: Wed Nov 20 13:51:54 2024 ќмское стандартное врем€ elapsed time: 0.008079 seconds (0d 0h 0m 0s)

---------------  T H R E A D  ---------------

Current thread (0x000002403d03e7a0):  JavaThread "Unknown thread" [_thread_in_vm, id=3856, stack(0x0000007f55700000,0x0000007f55800000)]

Stack: [0x0000007f55700000,0x0000007f55800000]
Native frames: (J=compiled Java code, j=interpreted, Vv=VM code, C=native code)
V  [jvm.dll+0x683bfa]
V  [jvm.dll+0x8430a4]
V  [jvm.dll+0x8449be]
V  [jvm.dll+0x845023]
V  [jvm.dll+0x24ad2f]
V  [jvm.dll+0x680ac9]
V  [jvm.dll+0x67519a]
V  [jvm.dll+0x30b3cb]
V  [jvm.dll+0x312876]
V  [jvm.dll+0x362233]
V  [jvm.dll+0x36244f]
V  [jvm.dll+0x2e14a8]
V  [jvm.dll+0x2e2414]
V  [jvm.dll+0x814391]
V  [jvm.dll+0x36ffe1]
V  [jvm.dll+0x7f396c]
V  [jvm.dll+0x3f305f]
V  [jvm.dll+0x3f4b91]
C  [jli.dll+0x528f]
C  [ucrtbase.dll+0x2268a]
C  [KERNEL32.DLL+0x17ac4]
C  [ntdll.dll+0x5a4e1]


---------------  P R O C E S S  ---------------

Threads class SMR info:
_java_thread_list=0x00007ffd4571d098, length=0, elements={
}

Java Threads: ( => current thread )

Other Threads:
  0x000002403d2553a0 GCTaskThread "GC Thread#0" [stack: 0x0000007f55800000,0x0000007f55900000] [id=7392]
  0x000002403d2660c0 ConcurrentGCThread "G1 Main Marker" [stack: 0x0000007f55900000,0x0000007f55a00000] [id=11964]
  0x000002403d2679f0 ConcurrentGCThread "G1 Conc#0" [stack: 0x0000007f55a00000,0x0000007f55b00000] [id=1680]

[error occurred during error reporting (printing all threads), id 0xc0000005, EXCEPTION_ACCESS_VIOLATION (0xc0000005) at pc=0x00007ffd44ed2087]

VM state: not at safepoint (not fully initialized)

VM Mutex/Monitor currently owned by a thread:  ([mutex/lock_event])
[0x000002403d03b370] Heap_lock - owner thread: 0x000002403d03e7a0

Heap address: 0x0000000701200000, size: 4078 MB, Compressed Oops mode: Zero based, Oop shift amount: 3

CDS archive(s) mapped at: [0x0000000000000000-0x0000000000000000-0x0000000000000000), size 0, SharedBaseAddress: 0x0000000800000000, ArchiveRelocationMode: 0.
Narrow klass base: 0x0000000000000000, Narrow klass shift: 0, Narrow klass range: 0x0

GC Precious Log:
<Empty>

Heap:
 garbage-first heap   total 0K, used 0K [0x0000000701200000, 0x0000000800000000)
  region size 2048K, 0 young (0K), 0 survivors (0K)
 Metaspace       used 0K, committed 0K, reserved 0K
  class space    used 0K, committed 0K, reserved 0K

Heap Regions: E=young(eden), S=young(survivor), O=old, HS=humongous(starts), HC=humongous(continues), CS=collection set, F=free, OA=open archive, CA=closed archive, TAMS=top-at-mark-start (previous, next)

Card table byte_map: [0x0000024052100000,0x0000024052900000] _byte_map_base: 0x000002404e8f7000

Marking Bits (Prev, Next): (CMBitMap*) 0x000002403d2558c0, (CMBitMap*) 0x000002403d255900
 Prev Bits: [0x0000024053100000, 0x00000240570b8000)
 Next Bits: [0x00000240570c0000, 0x000002405b078000)

GC Heap History (0 events):
No events

Dll operation events (1 events):
Event: 0.003 Loaded shared library C:\Program Files\Android\Android Studio\jbr\bin\java.dll

Deoptimization events (0 events):
No events

Classes unloaded (0 events):
No events

Classes redefined (0 events):
No events

Internal exceptions (0 events):
No events

VM Operations (0 events):
No events

Events (0 events):
No events


Dynamic libraries:
0x00007ff6c0d50000 - 0x00007ff6c0d5a000 	C:\Program Files\Android\Android Studio\jbr\bin\java.exe
0x00007ffda1890000 - 0x00007ffda1a7e000 	C:\Windows\SYSTEM32\ntdll.dll
0x00007ffd9fa80000 - 0x00007ffd9fb33000 	C:\Windows\System32\KERNEL32.DLL
0x00007ffd9e4a0000 - 0x00007ffd9e73d000 	C:\Windows\System32\KERNELBASE.dll
0x00007ffd9e160000 - 0x00007ffd9e25a000 	C:\Windows\System32\ucrtbase.dll
0x00007ffd9a580000 - 0x00007ffd9a59b000 	C:\Program Files\Android\Android Studio\jbr\bin\VCRUNTIME140.dll
0x00007ffd67670000 - 0x00007ffd67687000 	C:\Program Files\Android\Android Studio\jbr\bin\jli.dll
0x00007ffd9fc10000 - 0x00007ffd9fda7000 	C:\Windows\System32\USER32.dll
0x00007ffd86b60000 - 0x00007ffd86dd9000 	C:\Windows\WinSxS\amd64_microsoft.windows.common-controls_6595b64144ccf1df_6.0.17763.5696_none_de7663245346b1ca\COMCTL32.dll
0x00007ffd9e0e0000 - 0x00007ffd9e100000 	C:\Windows\System32\win32u.dll
0x00007ffd9f050000 - 0x00007ffd9f0ee000 	C:\Windows\System32\msvcrt.dll
0x00007ffda15b0000 - 0x00007ffda15d9000 	C:\Windows\System32\GDI32.dll
0x00007ffd9f750000 - 0x00007ffd9fa7b000 	C:\Windows\System32\combase.dll
0x00007ffd9e260000 - 0x00007ffd9e40a000 	C:\Windows\System32\gdi32full.dll
0x00007ffd9f0f0000 - 0x00007ffd9f208000 	C:\Windows\System32\RPCRT4.dll
0x00007ffd9e410000 - 0x00007ffd9e492000 	C:\Windows\System32\bcryptPrimitives.dll
0x00007ffd9e740000 - 0x00007ffd9e7e0000 	C:\Windows\System32\msvcp_win.dll
0x00007ffda1800000 - 0x00007ffda182e000 	C:\Windows\System32\IMM32.DLL
0x00007ffd9a5f0000 - 0x00007ffd9a5fc000 	C:\Program Files\Android\Android Studio\jbr\bin\vcruntime140_1.dll
0x00007ffd91600000 - 0x00007ffd9168d000 	C:\Program Files\Android\Android Studio\jbr\bin\msvcp140.dll
0x00007ffd44be0000 - 0x00007ffd45860000 	C:\Program Files\Android\Android Studio\jbr\bin\server\jvm.dll
0x00007ffd9f210000 - 0x00007ffd9f2b8000 	C:\Windows\System32\ADVAPI32.dll
0x00007ffd9f6a0000 - 0x00007ffd9f742000 	C:\Windows\System32\sechost.dll
0x00007ffd9ea50000 - 0x00007ffd9ea76000 	C:\Windows\System32\bcrypt.dll
0x00007ffd9a2c0000 - 0x00007ffd9a2e4000 	C:\Windows\SYSTEM32\WINMM.dll
0x00007ffd977f0000 - 0x00007ffd977fa000 	C:\Windows\SYSTEM32\VERSION.dll
0x00007ffd88c20000 - 0x00007ffd88c29000 	C:\Windows\SYSTEM32\WSOCK32.dll
0x00007ffda1790000 - 0x00007ffda17fd000 	C:\Windows\System32\WS2_32.dll
0x00007ffd99da0000 - 0x00007ffd99dcd000 	C:\Windows\SYSTEM32\winmmbase.dll
0x00007ffd9ea00000 - 0x00007ffd9ea4a000 	C:\Windows\System32\cfgmgr32.dll
0x00007ffd9d810000 - 0x00007ffd9d821000 	C:\Windows\System32\kernel.appcore.dll
0x00007ffd97230000 - 0x00007ffd9723a000 	C:\Program Files\Android\Android Studio\jbr\bin\jimage.dll
0x00007ffd89a20000 - 0x00007ffd89c0d000 	C:\Windows\SYSTEM32\DBGHELP.DLL
0x00007ffd88450000 - 0x00007ffd8847a000 	C:\Windows\SYSTEM32\dbgcore.DLL
0x00007ffd5c1f0000 - 0x00007ffd5c215000 	C:\Program Files\Android\Android Studio\jbr\bin\java.dll

dbghelp: loaded successfully - version: 4.0.5 - missing functions: none
symbol engine: initialized successfully - sym options: 0x614 - pdb path: .;C:\Program Files\Android\Android Studio\jbr\bin;C:\Windows\SYSTEM32;C:\Windows\WinSxS\amd64_microsoft.windows.common-controls_6595b64144ccf1df_6.0.17763.5696_none_de7663245346b1ca;C:\Program Files\Android\Android Studio\jbr\bin\server

VM Arguments:
java_command: org.jetbrains.kotlin.cli.jvm.K2JVMCompiler @C:\User\pr111rybakov\AndroidStudioProjects\YmniDom\app\build\20241120_336927503208067598.compiler.options
java_class_path (initial): C:\User\pr111rybakov\.gradle\caches\modules-2\files-2.1\org.jetbrains.kotlin\kotlin-compiler-embeddable\1.9.22\9cd4dc7773cf2a99ecd961a88fbbc9a2da3fb5e1\kotlin-compiler-embeddable-1.9.22.jar;C:\User\pr111rybakov\.gradle\caches\modules-2\files-2.1\org.jetbrains.kotlin\kotlin-stdlib\1.9.22\d6c44cd08d8f3f9bece8101216dbe6553365c6e3\kotlin-stdlib-1.9.22.jar;C:\User\pr111rybakov\.gradle\caches\modules-2\files-2.1\org.jetbrains.kotlin\kotlin-script-runtime\1.9.22\f8139a46fc677ec9badc49ae954392f4f5e7e7c7\kotlin-script-runtime-1.9.22.jar;C:\User\pr111rybakov\.gradle\caches\modules-2\files-2.1\org.jetbrains.kotlin\kotlin-reflect\1.6.10\1cbe9c92c12a94eea200d23c2bbaedaf3daf5132\kotlin-reflect-1.6.10.jar;C:\User\pr111rybakov\.gradle\caches\modules-2\files-2.1\org.jetbrains.kotlin\kotlin-daemon-embeddable\1.9.22\20e2c5df715f3240c765cfc222530e2796542021\kotlin-daemon-embeddable-1.9.22.jar;C:\User\pr111rybakov\.gradle\caches\modules-2\files-2.1\org.jetbrains.intellij.deps\trove4j\1.0.20200330\3afb14d5f9ceb459d724e907a21145e8ff394f02\trove4j-1.0.20200330.jar;C:\User\pr111rybakov\.gradle\caches\modules-2\files-2.1\org.jetbrains\annotations\13.0\919f0dfe192fb4e063e7dacadee7f8bb9a2672a9\annotations-13.0.jar
Launcher Type: SUN_STANDARD

[Global flags]
     intx CICompilerCount                          = 4                                         {product} {ergonomic}
     uint ConcGCThreads                            = 2                                         {product} {ergonomic}
     uint G1ConcRefinementThreads                  = 8                                         {product} {ergonomic}
   size_t G1HeapRegionSize                         = 2097152                                   {product} {ergonomic}
    uintx GCDrainStackTargetSize                   = 64                                        {product} {ergonomic}
   size_t InitialHeapSize                          = 268435456                                 {product} {ergonomic}
   size_t MarkStackSize                            = 4194304                                   {product} {ergonomic}
   size_t MaxHeapSize                              = 4276092928                                {product} {ergonomic}
   size_t MinHeapDeltaBytes                        = 2097152                                   {product} {ergonomic}
   size_t MinHeapSize                              = 8388608                                   {product} {ergonomic}
    uintx NonNMethodCodeHeapSize                   = 5839372                                {pd product} {ergonomic}
    uintx NonProfiledCodeHeapSize                  = 122909434                              {pd product} {ergonomic}
    uintx ProfiledCodeHeapSize                     = 122909434                              {pd product} {ergonomic}
    uintx ReservedCodeCacheSize                    = 251658240                              {pd product} {ergonomic}
     bool SegmentedCodeCache                       = true                                      {product} {ergonomic}
   size_t SoftMaxHeapSize                          = 4276092928                             {manageable} {ergonomic}
     bool UseCompressedClassPointers               = true                           {product lp64_product} {ergonomic}
     bool UseCompressedOops                        = true                           {product lp64_product} {ergonomic}
     bool UseG1GC                                  = true                                      {product} {ergonomic}
     bool UseLargePagesIndividualAllocation        = false                                  {pd product} {ergonomic}

Logging:
Log output configuration:
 #0: stdout all=warning uptime,level,tags
 #1: stderr all=off uptime,level,tags

Environment Variables:
JAVA_HOME=C:\Program Files\Android\Jdk\microsoft_dist_openjdk_1.8.0.25
PATH=C:\Program Files\Python312\Scripts\;C:\Program Files\Python312\;C:\Program Files\Python311\Scripts\;C:\Program Files\Python311\;C:\Program Files (x86)\Python38\Scripts\;C:\Program Files (x86)\Python38\;C:\Program Files\Microsoft MPI\Bin\;C:\Program Files (x86)\Common Files\Oracle\Java\javapath;C:\Windows\system32;C:\Windows;C:\Windows\System32\Wbem;C:\Windows\System32\WindowsPowerShell\v1.0\;C:\Windows\System32\OpenSSH\;C:\Program Files (x86)\Microsoft SQL Server\150\DTS\Binn\;C:\Program Files\dotnet\;C:\Program Files\Microsoft SQL Server\130\Tools\Binn\;C:\Program Files (x86)\Microsoft SQL Server\140\Tools\Binn\;C:\Program Files\Microsoft SQL Server\140\Tools\Binn\;C:\Program Files (x86)\Microsoft SQL Server\140\DTS\Binn\;C:\Program Files\Microsoft SQL Server\140\DTS\Binn\;C:\Program Files\Microsoft SQL Server\Client SDK\ODBC\130\Tools\Binn\;C:\Program Files\Microsoft SQL Server\Client SDK\ODBC\170\Tools\Binn\;C:\Program Files (x86)\IncrediBuild;C:\Program Files (x86)\NVIDIA Corporation\PhysX\Common;C:\Program Files\Git\cmd;C:\Program Files\Azure Data Studio\bin;C:\Program Files\Microsoft VS Code\bin;C:\Program Files (x86)\Kaspersky Lab\KES.12.2.0\;C:\User\pr111rybakov\AppData\Local\Microsoft\WindowsApps;
USERNAME=pr111rybakov
OS=Windows_NT
PROCESSOR_IDENTIFIER=Intel64 Family 6 Model 158 Stepping 13, GenuineIntel
TMP=C:\User\pr111rybakov\AppData\Local\Temp
TEMP=C:\User\pr111rybakov\AppData\Local\Temp


JNI global refs:
JNI global refs: 0, weak refs: 0

JNI global refs memory usage: 0, weak refs: 0

OOME stack traces (most recent first):
Classloader memory used:


---------------  S Y S T E M  ---------------

OS:
 Windows 10 , 64 bit Build 17763 (10.0.17763.4974)
OS uptime: 0 days 6:05 hours

CPU: total 8 (initial active 8) (8 cores per cpu, 1 threads per core) family 6 model 158 stepping 13 microcode 0xde, cx8, cmov, fxsr, mmx, 3dnowpref, sse, sse2, sse3, ssse3, sse4.1, sse4.2, popcnt, lzcnt, tsc, tscinvbit, avx, avx2, aes, erms, clmul, bmi1, bmi2, adx, fma, vzeroupper, clflush, clflushopt

Memory: 4k page, system-wide physical 16304M (2561M free)
TotalPageFile size 16304M (AvailPageFile size 5M)
current process WorkingSet (physical memory assigned to process): 10M, peak: 10M
current process commit charge ("private bytes"): 317M, peak: 321M

vm_info: OpenJDK 64-Bit Server VM (17.0.7+0-b2043.56-10550314) for windows-amd64 JRE (17.0.7+0-b2043.56-10550314), built on Jul 24 2023 18:27:45 by "androidbuild" with MS VC++ 16.10 / 16.11 (VS2019)

END.
